2023-12-29 18:02:10 | INFO     | ==========       CONFIG      =============
2023-12-29 18:02:10 | INFO     | 
dataset:
  name: COCO2014
  class_nums: 80
  data_dir: /DATA/bvac/personal/projects/DPCAR/data/coco2014
  data_category_map: /DATA/bvac/personal/projects/DPCAR/datasets/data/coco/category.json
  data_vector: /DATA/bvac/personal/projects/DPCAR/datasets/data/coco/vectors.npy
  prob: 1.0
model:
  name: SSGRL
  method: DPCAR
  resume_model: None
  teacher_model: None
  inter_BCE_weight: 1.0
  inter_BCE_margin: 0.95
  inter_distance_weight: 0.05
  inter_example_nums: 100
  inter_prototype_distance_weight: 0.05
  prototype_nums: 10
  use_recompute_prototype: true
  compute_prototype_epoch: 5
  eps: 0.05
  generate_label_epoch: 5
save_path: /DATA/bvac/personal/projects/DPCAR/exp/checkpoint
resume_model: None
aux_model: None
pretrained_model: /root/autodl-tmp/data/checkpoint/resnet101.pth
epochs: 20
start_epoch: 0
step_epoch: 15
evaluate: false
seed: 1407
batch_size: 16
print_freq: 800
lr: 1.0e-05
momentum: 0.9
weight_decay: 0
crop_size: 448
scale_size: 512
workers: 8
post: 2023-12-29_SSGRL-COCO2014-DPCAR-eps0_05

2023-12-29 18:02:10 | INFO     | ===========        END        ============
2023-12-29 18:02:10 | INFO     | 

2023-12-29 18:02:10 | INFO     | ==> Creating dataloader...
2023-12-29 18:02:30 | INFO     | ==> Done!

2023-12-29 18:02:30 | INFO     | ==> Loading the network...
2023-12-29 18:02:36 | INFO     | ==> Loading Model Done!

2023-12-29 18:02:36 | INFO     | Run Experiment...
2023-12-29 18:02:36 | INFO     | =========================================
2023-12-29 18:03:57 | INFO     | ==========       CONFIG      =============
2023-12-29 18:03:57 | INFO     | 
dataset:
  name: COCO2014
  class_nums: 80
  data_dir: /DATA/bvac/personal/projects/DPCAR/data/coco2014
  data_category_map: /DATA/bvac/personal/projects/DPCAR/datasets/data/coco/category.json
  data_vector: /DATA/bvac/personal/projects/DPCAR/datasets/data/coco/vectors.npy
  prob: 1.0
model:
  name: SSGRL
  method: DPCAR
  resume_model: None
  teacher_model: None
  inter_BCE_weight: 1.0
  inter_BCE_margin: 0.95
  inter_distance_weight: 0.05
  inter_example_nums: 100
  inter_prototype_distance_weight: 0.05
  prototype_nums: 10
  use_recompute_prototype: true
  compute_prototype_epoch: 5
  eps: 0.05
  generate_label_epoch: 5
save_path: /DATA/bvac/personal/projects/DPCAR/exp/checkpoint
resume_model: None
aux_model: None
pretrained_model: /root/autodl-tmp/data/checkpoint/resnet101.pth
epochs: 20
start_epoch: 0
step_epoch: 15
evaluate: false
seed: 1407
batch_size: 16
print_freq: 800
lr: 1.0e-05
momentum: 0.9
weight_decay: 0
crop_size: 448
scale_size: 512
workers: 8
post: 2023-12-29_SSGRL-COCO2014-DPCAR-eps0_05

2023-12-29 18:03:57 | INFO     | ===========        END        ============
2023-12-29 18:03:58 | INFO     | 

2023-12-29 18:03:58 | INFO     | ==> Creating dataloader...
2023-12-29 18:04:18 | INFO     | ==> Done!

2023-12-29 18:04:18 | INFO     | ==> Loading the network...
2023-12-29 18:04:24 | INFO     | ==> Loading Model Done!

2023-12-29 18:04:24 | INFO     | Run Experiment...
2023-12-29 18:04:24 | INFO     | =========================================
2023-12-29 18:04:28 | INFO     | 
						[Train] [Epoch 0]: [0000/5173] Batch Time 3.711 Data Time 1.213
						Learn Rate 0.000010
						Base Loss 0.6909 (0.6909)
						Plus Loss 0.0000 (0.0000)
						Calibration Loss 0.0000 (0.0000)
2023-12-29 18:10:16 | INFO     | 
						[Train] [Epoch 0]: [0800/5173] Batch Time 0.440 Data Time 0.254
						Learn Rate 0.000010
						Base Loss 0.1251 (0.1279)
						Plus Loss 0.0000 (0.0000)
						Calibration Loss 0.0000 (0.0000)
2023-12-29 18:16:05 | INFO     | 
						[Train] [Epoch 0]: [1600/5173] Batch Time 0.438 Data Time 0.255
						Learn Rate 0.000010
						Base Loss 0.0573 (0.1064)
						Plus Loss 0.0000 (0.0000)
						Calibration Loss 0.0000 (0.0000)
2023-12-29 18:21:53 | INFO     | 
						[Train] [Epoch 0]: [2400/5173] Batch Time 0.437 Data Time 0.255
						Learn Rate 0.000010
						Base Loss 0.0900 (0.0962)
						Plus Loss 0.0000 (0.0000)
						Calibration Loss 0.0000 (0.0000)
2023-12-29 18:27:42 | INFO     | 
						[Train] [Epoch 0]: [3200/5173] Batch Time 0.437 Data Time 0.255
						Learn Rate 0.000010
						Base Loss 0.0587 (0.0899)
						Plus Loss 0.0000 (0.0000)
						Calibration Loss 0.0000 (0.0000)
2023-12-29 18:31:27 | INFO     | ==========       CONFIG      =============
2023-12-29 18:31:27 | INFO     | 
dataset:
  name: COCO2014
  class_nums: 80
  data_dir: /DATA/bvac/personal/projects/DPCAR/data/coco2014
  data_category_map: /DATA/bvac/personal/projects/DPCAR/datasets/data/coco/category.json
  data_vector: /DATA/bvac/personal/projects/DPCAR/datasets/data/coco/vectors.npy
  prob: 1.0
model:
  name: SSGRL
  method: DPCAR
  resume_model: None
  teacher_model: None
  inter_BCE_weight: 1.0
  inter_BCE_margin: 0.95
  inter_distance_weight: 0.05
  inter_example_nums: 100
  inter_prototype_distance_weight: 0.05
  prototype_nums: 10
  use_recompute_prototype: true
  compute_prototype_epoch: 5
  eps: 0.05
  generate_label_epoch: 5
save_path: /DATA/bvac/personal/projects/DPCAR/exp/checkpoint
resume_model: None
aux_model: None
pretrained_model: /root/autodl-tmp/data/checkpoint/resnet101.pth
epochs: 20
start_epoch: 0
step_epoch: 15
evaluate: false
seed: 1407
batch_size: 16
print_freq: 800
lr: 1.0e-05
momentum: 0.9
weight_decay: 0
crop_size: 448
scale_size: 512
workers: 8
post: 2023-12-29_SSGRL-COCO2014-DPCAR-eps0_05

2023-12-29 18:31:27 | INFO     | ===========        END        ============
2023-12-29 18:31:27 | INFO     | 

2023-12-29 18:31:27 | INFO     | ==> Creating dataloader...
2023-12-29 18:31:50 | INFO     | ==> Done!

2023-12-29 18:31:50 | INFO     | ==> Loading the network...
2023-12-29 18:31:56 | INFO     | ==> Loading Model Done!

2023-12-29 18:31:56 | INFO     | Run Experiment...
2023-12-29 18:31:56 | INFO     | =========================================
2023-12-29 18:32:00 | INFO     | 
						[Train] [Epoch 0]: [0000/5173] Batch Time 4.021 Data Time 1.368
						Learn Rate 0.000010
						Base Loss 0.6908 (0.6908)
						Plus Loss 0.0000 (0.0000)
						Calibration Loss 0.0000 (0.0000)
2023-12-29 18:33:30 | INFO     | 
						[Train] [Epoch 0]: [4000/5173] Batch Time 0.436 Data Time 0.255
						Learn Rate 0.000010
						Base Loss 0.0789 (0.0857)
						Plus Loss 0.0000 (0.0000)
						Calibration Loss 0.0000 (0.0000)
2023-12-29 18:39:17 | INFO     | 
						[Train] [Epoch 0]: [4800/5173] Batch Time 0.436 Data Time 0.255
						Learn Rate 0.000010
						Base Loss 0.0553 (0.0828)
						Plus Loss 0.0000 (0.0000)
						Calibration Loss 0.0000 (0.0000)
2023-12-29 18:41:59 | INFO     | =========================================
2023-12-29 18:42:01 | INFO     | [Test] [Epoch 0]: [0000/2531] Batch Time 1.598 Data Time 1.468 Loss 0.1094 (0.1094)
2023-12-29 18:43:48 | INFO     | [Test] [Epoch 0]: [0800/2531] Batch Time 0.135 Data Time 0.005 Loss 0.0444 (0.0479)
2023-12-29 18:45:35 | INFO     | [Test] [Epoch 0]: [1600/2531] Batch Time 0.135 Data Time 0.004 Loss 0.0880 (0.0484)
2023-12-29 18:47:23 | INFO     | [Test] [Epoch 0]: [2400/2531] Batch Time 0.135 Data Time 0.004 Loss 0.0333 (0.0486)
